version https://git-lfs.github.com/spec/v1
oid sha256:3e7ca36baa86fed0213a0d4ba1ffbeee94a371c3ea112bb184f7647d06c42856
size 29761
